2022-12-16 17:21:24.105  INFO 11336 --- [restartedMain] i.g.y.msclientes.MsclientesApplication   : Starting MsclientesApplication using Java 18.0.2.1 on Yesmin with PID 11336 (C:\Users\yesminmarie\Documents\Estudos\Curso_Microservicos_Udemy\microservice-project-card-issuing\msclientes\target\classes started by yesminmarie in C:\Users\yesminmarie\Documents\Estudos\Curso_Microservicos_Udemy\microservice-project-card-issuing\msclientes)
2022-12-16 17:21:24.108  INFO 11336 --- [restartedMain] i.g.y.msclientes.MsclientesApplication   : No active profile set, falling back to 1 default profile: "default"
2022-12-16 17:21:24.377  INFO 11336 --- [restartedMain] .e.DevToolsPropertyDefaultsPostProcessor : Devtools property defaults active! Set 'spring.devtools.add-properties' to 'false' to disable
2022-12-16 17:21:24.383  INFO 11336 --- [restartedMain] .e.DevToolsPropertyDefaultsPostProcessor : For additional web related logging consider setting the 'logging.level.web' property to 'DEBUG'
2022-12-16 17:21:27.432  INFO 11336 --- [restartedMain] .s.d.r.c.RepositoryConfigurationDelegate : Bootstrapping Spring Data JPA repositories in DEFAULT mode.
2022-12-16 17:21:27.823  INFO 11336 --- [restartedMain] .s.d.r.c.RepositoryConfigurationDelegate : Finished Spring Data repository scanning in 363 ms. Found 1 JPA repository interfaces.
2022-12-16 17:21:28.437  INFO 11336 --- [restartedMain] o.s.cloud.context.scope.GenericScope     : BeanFactory id=e2457a69-eedd-3a07-acf7-3245cf98ea59
2022-12-16 17:21:30.187  INFO 11336 --- [restartedMain] o.s.b.w.embedded.tomcat.TomcatWebServer  : Tomcat initialized with port(s): 0 (http)
2022-12-16 17:21:30.206  INFO 11336 --- [restartedMain] o.apache.catalina.core.StandardService   : Starting service [Tomcat]
2022-12-16 17:21:30.207  INFO 11336 --- [restartedMain] org.apache.catalina.core.StandardEngine  : Starting Servlet engine: [Apache Tomcat/9.0.69]
2022-12-16 17:21:30.558  INFO 11336 --- [restartedMain] o.a.c.c.C.[Tomcat].[localhost].[/]       : Initializing Spring embedded WebApplicationContext
2022-12-16 17:21:30.559  INFO 11336 --- [restartedMain] w.s.c.ServletWebServerApplicationContext : Root WebApplicationContext: initialization completed in 6174 ms
2022-12-16 17:21:31.006  INFO 11336 --- [restartedMain] com.zaxxer.hikari.HikariDataSource       : HikariPool-1 - Starting...
2022-12-16 17:21:31.603  INFO 11336 --- [restartedMain] com.zaxxer.hikari.HikariDataSource       : HikariPool-1 - Start completed.
2022-12-16 17:21:31.632  INFO 11336 --- [restartedMain] o.s.b.a.h2.H2ConsoleAutoConfiguration    : H2 console available at '/h2-console'. Database available at 'jdbc:h2:mem:61a54c86-5c9c-4855-912d-b133a1fc5c37'
2022-12-16 17:21:32.122  INFO 11336 --- [restartedMain] o.hibernate.jpa.internal.util.LogHelper  : HHH000204: Processing PersistenceUnitInfo [name: default]
2022-12-16 17:21:32.247  INFO 11336 --- [restartedMain] org.hibernate.Version                    : HHH000412: Hibernate ORM core version 5.6.14.Final
2022-12-16 17:21:32.727  INFO 11336 --- [restartedMain] o.hibernate.annotations.common.Version   : HCANN000001: Hibernate Commons Annotations {5.1.2.Final}
2022-12-16 17:21:32.971  INFO 11336 --- [restartedMain] org.hibernate.dialect.Dialect            : HHH000400: Using dialect: org.hibernate.dialect.H2Dialect
2022-12-16 17:21:34.189  INFO 11336 --- [restartedMain] o.h.e.t.j.p.i.JtaPlatformInitiator       : HHH000490: Using JtaPlatform implementation: [org.hibernate.engine.transaction.jta.platform.internal.NoJtaPlatform]
2022-12-16 17:21:34.201  INFO 11336 --- [restartedMain] j.LocalContainerEntityManagerFactoryBean : Initialized JPA EntityManagerFactory for persistence unit 'default'
2022-12-16 17:21:35.240  WARN 11336 --- [restartedMain] JpaBaseConfiguration$JpaWebConfiguration : spring.jpa.open-in-view is enabled by default. Therefore, database queries may be performed during view rendering. Explicitly configure spring.jpa.open-in-view to disable this warning
2022-12-16 17:21:37.077  INFO 11336 --- [restartedMain] o.s.b.d.a.OptionalLiveReloadServer       : LiveReload server is running on port 35729
2022-12-16 17:21:37.333  INFO 11336 --- [restartedMain] DiscoveryClientOptionalArgsConfiguration : Eureka HTTP Client uses RestTemplate.
2022-12-16 17:21:37.533  WARN 11336 --- [restartedMain] iguration$LoadBalancerCaffeineWarnLogger : Spring Cloud LoadBalancer is currently working with the default cache. While this cache implementation is useful for development and tests, it's recommended to use Caffeine cache in production.You can switch to using Caffeine cache, by adding it and org.springframework.cache.caffeine.CaffeineCacheManager to the classpath.
2022-12-16 17:21:37.554  INFO 11336 --- [restartedMain] o.s.b.a.e.web.EndpointLinksResolver      : Exposing 17 endpoint(s) beneath base path '/actuator'
2022-12-16 17:21:37.728  INFO 11336 --- [restartedMain] o.s.b.w.embedded.tomcat.TomcatWebServer  : Tomcat started on port(s): 59449 (http) with context path ''
2022-12-16 17:21:37.731  INFO 11336 --- [restartedMain] .s.c.n.e.s.EurekaAutoServiceRegistration : Updating port to 59449
2022-12-16 17:21:37.743  INFO 11336 --- [restartedMain] o.s.c.n.eureka.InstanceInfoFactory       : Setting initial instance status as: STARTING
2022-12-16 17:21:37.956  INFO 11336 --- [restartedMain] com.netflix.discovery.DiscoveryClient    : Initializing Eureka in region us-east-1
2022-12-16 17:21:37.966  INFO 11336 --- [restartedMain] c.n.d.s.r.aws.ConfigClusterResolver      : Resolving eureka endpoints via configuration
2022-12-16 17:21:38.069  INFO 11336 --- [restartedMain] com.netflix.discovery.DiscoveryClient    : Disable delta property : false
2022-12-16 17:21:38.071  INFO 11336 --- [restartedMain] com.netflix.discovery.DiscoveryClient    : Single vip registry refresh property : null
2022-12-16 17:21:38.071  INFO 11336 --- [restartedMain] com.netflix.discovery.DiscoveryClient    : Force full registry fetch : false
2022-12-16 17:21:38.072  INFO 11336 --- [restartedMain] com.netflix.discovery.DiscoveryClient    : Application is null : false
2022-12-16 17:21:38.073  INFO 11336 --- [restartedMain] com.netflix.discovery.DiscoveryClient    : Registered Applications size is zero : true
2022-12-16 17:21:38.076  INFO 11336 --- [restartedMain] com.netflix.discovery.DiscoveryClient    : Application version is -1: true
2022-12-16 17:21:38.077  INFO 11336 --- [restartedMain] com.netflix.discovery.DiscoveryClient    : Getting all instance registry info from the eureka server
2022-12-16 17:21:38.984  INFO 11336 --- [restartedMain] com.netflix.discovery.DiscoveryClient    : The response status is 200
2022-12-16 17:21:38.992  INFO 11336 --- [restartedMain] com.netflix.discovery.DiscoveryClient    : Starting heartbeat executor: renew interval is: 30
2022-12-16 17:21:38.996  INFO 11336 --- [restartedMain] c.n.discovery.InstanceInfoReplicator     : InstanceInfoReplicator onDemand update allowed rate per min is 4
2022-12-16 17:21:39.007  INFO 11336 --- [restartedMain] com.netflix.discovery.DiscoveryClient    : Discovery Client initialized at timestamp 1671222099003 with initial instances count: 5
2022-12-16 17:21:39.011  INFO 11336 --- [restartedMain] o.s.c.n.e.s.EurekaServiceRegistry        : Registering application MSCLIENTES with eureka with status UP
2022-12-16 17:21:39.012  INFO 11336 --- [restartedMain] com.netflix.discovery.DiscoveryClient    : Saw local status change event StatusChangeEvent [timestamp=1671222099012, current=UP, previous=STARTING]
2022-12-16 17:21:39.015  INFO 11336 --- [DiscoveryClient-InstanceInfoReplicator-0] com.netflix.discovery.DiscoveryClient    : DiscoveryClient_MSCLIENTES/msclientes:1bd52eb4b4f178cbdaed28cd41130980: registering service...
2022-12-16 17:21:39.233  INFO 11336 --- [DiscoveryClient-InstanceInfoReplicator-0] com.netflix.discovery.DiscoveryClient    : DiscoveryClient_MSCLIENTES/msclientes:1bd52eb4b4f178cbdaed28cd41130980 - registration status: 204
2022-12-16 17:21:39.281  INFO 11336 --- [restartedMain] i.g.y.msclientes.MsclientesApplication   : Started MsclientesApplication in 17.342 seconds (JVM running for 19.386)
2022-12-16 17:23:46.217  INFO 11336 --- [http-nio-auto-1-exec-1] o.a.c.c.C.[Tomcat].[localhost].[/]       : Initializing Spring DispatcherServlet 'dispatcherServlet'
2022-12-16 17:23:46.218  INFO 11336 --- [http-nio-auto-1-exec-1] o.s.web.servlet.DispatcherServlet        : Initializing Servlet 'dispatcherServlet'
2022-12-16 17:23:46.221  INFO 11336 --- [http-nio-auto-1-exec-1] o.s.web.servlet.DispatcherServlet        : Completed initialization in 3 ms
2022-12-16 17:26:38.106  INFO 11336 --- [AsyncResolver-bootstrap-executor-0] c.n.d.s.r.aws.ConfigClusterResolver      : Resolving eureka endpoints via configuration
2022-12-16 17:31:38.118  INFO 11336 --- [AsyncResolver-bootstrap-executor-0] c.n.d.s.r.aws.ConfigClusterResolver      : Resolving eureka endpoints via configuration
2022-12-16 17:36:38.124  INFO 11336 --- [AsyncResolver-bootstrap-executor-0] c.n.d.s.r.aws.ConfigClusterResolver      : Resolving eureka endpoints via configuration
