2022-12-16 17:58:33.159  INFO 9852 --- [restartedMain] i.g.y.m.MsavaliadorcreditoApplication    : Starting MsavaliadorcreditoApplication using Java 18.0.2.1 on Yesmin with PID 9852 (C:\Users\yesminmarie\Documents\Estudos\Curso_Microservicos_Udemy\microservice-project-card-issuing\msavaliadorcredito\target\classes started by yesminmarie in C:\Users\yesminmarie\Documents\Estudos\Curso_Microservicos_Udemy\microservice-project-card-issuing\msavaliadorcredito)
2022-12-16 17:58:33.166  INFO 9852 --- [restartedMain] i.g.y.m.MsavaliadorcreditoApplication    : No active profile set, falling back to 1 default profile: "default"
2022-12-16 17:58:33.573  INFO 9852 --- [restartedMain] .e.DevToolsPropertyDefaultsPostProcessor : Devtools property defaults active! Set 'spring.devtools.add-properties' to 'false' to disable
2022-12-16 17:58:33.574  INFO 9852 --- [restartedMain] .e.DevToolsPropertyDefaultsPostProcessor : For additional web related logging consider setting the 'logging.level.web' property to 'DEBUG'
2022-12-16 17:58:40.586  INFO 9852 --- [restartedMain] o.s.cloud.context.scope.GenericScope     : BeanFactory id=3edae6b5-838a-3525-a360-0bdd19848974
2022-12-16 17:58:44.025  INFO 9852 --- [restartedMain] o.s.b.w.embedded.tomcat.TomcatWebServer  : Tomcat initialized with port(s): 0 (http)
2022-12-16 17:58:44.062  INFO 9852 --- [restartedMain] o.apache.catalina.core.StandardService   : Starting service [Tomcat]
2022-12-16 17:58:44.065  INFO 9852 --- [restartedMain] org.apache.catalina.core.StandardEngine  : Starting Servlet engine: [Apache Tomcat/9.0.69]
2022-12-16 17:58:44.546  INFO 9852 --- [restartedMain] o.a.c.c.C.[Tomcat].[localhost].[/]       : Initializing Spring embedded WebApplicationContext
2022-12-16 17:58:44.547  INFO 9852 --- [restartedMain] w.s.c.ServletWebServerApplicationContext : Root WebApplicationContext: initialization completed in 10971 ms
2022-12-16 17:58:48.151  WARN 9852 --- [restartedMain] o.s.b.d.a.OptionalLiveReloadServer       : Unable to start LiveReload server
2022-12-16 17:58:48.617  INFO 9852 --- [restartedMain] o.s.c.openfeign.FeignClientFactoryBean   : For 'msclientes' URL not provided. Will try picking an instance via load-balancing.
2022-12-16 17:58:49.700  INFO 9852 --- [restartedMain] o.s.c.openfeign.FeignClientFactoryBean   : For 'mscartoes' URL not provided. Will try picking an instance via load-balancing.
2022-12-16 17:59:00.841  INFO 9852 --- [restartedMain] DiscoveryClientOptionalArgsConfiguration : Eureka HTTP Client uses RestTemplate.
2022-12-16 17:59:01.333  WARN 9852 --- [restartedMain] iguration$LoadBalancerCaffeineWarnLogger : Spring Cloud LoadBalancer is currently working with the default cache. While this cache implementation is useful for development and tests, it's recommended to use Caffeine cache in production.You can switch to using Caffeine cache, by adding it and org.springframework.cache.caffeine.CaffeineCacheManager to the classpath.
2022-12-16 17:59:01.437  INFO 9852 --- [restartedMain] o.s.b.a.e.web.EndpointLinksResolver      : Exposing 17 endpoint(s) beneath base path '/actuator'
2022-12-16 17:59:01.949  INFO 9852 --- [restartedMain] o.s.b.w.embedded.tomcat.TomcatWebServer  : Tomcat started on port(s): 60751 (http) with context path ''
2022-12-16 17:59:01.965  INFO 9852 --- [restartedMain] .s.c.n.e.s.EurekaAutoServiceRegistration : Updating port to 60751
2022-12-16 17:59:02.012  INFO 9852 --- [restartedMain] o.s.c.n.eureka.InstanceInfoFactory       : Setting initial instance status as: STARTING
2022-12-16 17:59:02.318  INFO 9852 --- [restartedMain] com.netflix.discovery.DiscoveryClient    : Initializing Eureka in region us-east-1
2022-12-16 17:59:02.337  INFO 9852 --- [restartedMain] c.n.d.s.r.aws.ConfigClusterResolver      : Resolving eureka endpoints via configuration
2022-12-16 17:59:02.424  INFO 9852 --- [restartedMain] com.netflix.discovery.DiscoveryClient    : Disable delta property : false
2022-12-16 17:59:02.425  INFO 9852 --- [restartedMain] com.netflix.discovery.DiscoveryClient    : Single vip registry refresh property : null
2022-12-16 17:59:02.425  INFO 9852 --- [restartedMain] com.netflix.discovery.DiscoveryClient    : Force full registry fetch : false
2022-12-16 17:59:02.426  INFO 9852 --- [restartedMain] com.netflix.discovery.DiscoveryClient    : Application is null : false
2022-12-16 17:59:02.426  INFO 9852 --- [restartedMain] com.netflix.discovery.DiscoveryClient    : Registered Applications size is zero : true
2022-12-16 17:59:02.426  INFO 9852 --- [restartedMain] com.netflix.discovery.DiscoveryClient    : Application version is -1: true
2022-12-16 17:59:02.427  INFO 9852 --- [restartedMain] com.netflix.discovery.DiscoveryClient    : Getting all instance registry info from the eureka server
2022-12-16 17:59:03.634  INFO 9852 --- [restartedMain] com.netflix.discovery.DiscoveryClient    : The response status is 200
2022-12-16 17:59:03.641  INFO 9852 --- [restartedMain] com.netflix.discovery.DiscoveryClient    : Starting heartbeat executor: renew interval is: 30
2022-12-16 17:59:03.654  INFO 9852 --- [restartedMain] c.n.discovery.InstanceInfoReplicator     : InstanceInfoReplicator onDemand update allowed rate per min is 4
2022-12-16 17:59:03.668  INFO 9852 --- [restartedMain] com.netflix.discovery.DiscoveryClient    : Discovery Client initialized at timestamp 1671224343666 with initial instances count: 8
2022-12-16 17:59:03.677  INFO 9852 --- [restartedMain] o.s.c.n.e.s.EurekaServiceRegistry        : Registering application MSAVALIADORCREDITO with eureka with status UP
2022-12-16 17:59:03.680  INFO 9852 --- [restartedMain] com.netflix.discovery.DiscoveryClient    : Saw local status change event StatusChangeEvent [timestamp=1671224343680, current=UP, previous=STARTING]
2022-12-16 17:59:03.690  INFO 9852 --- [DiscoveryClient-InstanceInfoReplicator-0] com.netflix.discovery.DiscoveryClient    : DiscoveryClient_MSAVALIADORCREDITO/msavaliadorcredito:0b4310ec2e22926e5f04f99a3a534eed: registering service...
2022-12-16 17:59:03.965  INFO 9852 --- [DiscoveryClient-InstanceInfoReplicator-0] com.netflix.discovery.DiscoveryClient    : DiscoveryClient_MSAVALIADORCREDITO/msavaliadorcredito:0b4310ec2e22926e5f04f99a3a534eed - registration status: 204
2022-12-16 17:59:04.191  INFO 9852 --- [restartedMain] i.g.y.m.MsavaliadorcreditoApplication    : Started MsavaliadorcreditoApplication in 32.921 seconds (JVM running for 34.807)
2022-12-16 18:00:01.102  INFO 9852 --- [http-nio-auto-1-exec-1] o.a.c.c.C.[Tomcat].[localhost].[/]       : Initializing Spring DispatcherServlet 'dispatcherServlet'
2022-12-16 18:00:01.104  INFO 9852 --- [http-nio-auto-1-exec-1] o.s.web.servlet.DispatcherServlet        : Initializing Servlet 'dispatcherServlet'
2022-12-16 18:00:01.108  INFO 9852 --- [http-nio-auto-1-exec-1] o.s.web.servlet.DispatcherServlet        : Completed initialization in 3 ms
2022-12-16 18:00:18.608  INFO 9852 --- [http-nio-auto-1-exec-4] o.springdoc.api.AbstractOpenApiResource  : Init duration for springdoc-openapi is: 376 ms
2022-12-16 18:04:02.443  INFO 9852 --- [AsyncResolver-bootstrap-executor-0] c.n.d.s.r.aws.ConfigClusterResolver      : Resolving eureka endpoints via configuration
2022-12-16 18:06:34.000  WARN 9852 --- [DiscoveryClient-0] c.netflix.discovery.TimedSupervisorTask  : task supervisor timed out

java.util.concurrent.TimeoutException: null
	at java.base/java.util.concurrent.FutureTask.get(FutureTask.java:204) ~[na:na]
	at com.netflix.discovery.TimedSupervisorTask.run(TimedSupervisorTask.java:68) ~[eureka-client-1.10.17.jar:1.10.17]
	at java.base/java.util.concurrent.Executors$RunnableAdapter.call(Executors.java:539) ~[na:na]
	at java.base/java.util.concurrent.FutureTask.run(FutureTask.java:264) ~[na:na]
	at java.base/java.util.concurrent.ScheduledThreadPoolExecutor$ScheduledFutureTask.run(ScheduledThreadPoolExecutor.java:304) ~[na:na]
	at java.base/java.util.concurrent.ThreadPoolExecutor.runWorker(ThreadPoolExecutor.java:1136) ~[na:na]
	at java.base/java.util.concurrent.ThreadPoolExecutor$Worker.run(ThreadPoolExecutor.java:635) ~[na:na]
	at java.base/java.lang.Thread.run(Thread.java:833) ~[na:na]

2022-12-16 18:07:01.082  WARN 9852 --- [DiscoveryClient-1] c.netflix.discovery.TimedSupervisorTask  : task supervisor timed out

java.util.concurrent.TimeoutException: null
	at java.base/java.util.concurrent.FutureTask.get(FutureTask.java:204) ~[na:na]
	at com.netflix.discovery.TimedSupervisorTask.run(TimedSupervisorTask.java:68) ~[eureka-client-1.10.17.jar:1.10.17]
	at java.base/java.util.concurrent.Executors$RunnableAdapter.call(Executors.java:539) ~[na:na]
	at java.base/java.util.concurrent.FutureTask.run(FutureTask.java:264) ~[na:na]
	at java.base/java.util.concurrent.ScheduledThreadPoolExecutor$ScheduledFutureTask.run(ScheduledThreadPoolExecutor.java:304) ~[na:na]
	at java.base/java.util.concurrent.ThreadPoolExecutor.runWorker(ThreadPoolExecutor.java:1136) ~[na:na]
	at java.base/java.util.concurrent.ThreadPoolExecutor$Worker.run(ThreadPoolExecutor.java:635) ~[na:na]
	at java.base/java.lang.Thread.run(Thread.java:833) ~[na:na]

